<?xml version="1.0" encoding="UTF-8"?>
<!-- Generated by org.testng.reporters.JUnitReportReporter -->
<testsuite hostname="DESKTOP-LQAB47E" failures="0" tests="1" name="AniketAutomation.StandAlone.SubmitOrderTest" time="25.775" errors="0" timestamp="2023-02-07T22:25:13 IST" skipped="0">
  <testcase classname="AniketAutomation.StandAlone.SubmitOrderTest" name="SubmitOrder" time="25.775"/>
  <system-out/>
</testsuite> <!-- AniketAutomation.StandAlone.SubmitOrderTest -->
