<?xml version="1.0" encoding="UTF-8"?>
<!-- Generated by org.testng.reporters.JUnitReportReporter -->
<testsuite hostname="DESKTOP-LQAB47E" failures="0" tests="6" name="AniketAutomation.MainTests.Demo" time="0.074" errors="0" timestamp="2023-03-30T16:24:52 IST" skipped="0">
  <testcase classname="AniketAutomation.MainTests.Demo" name="test2" time="0.044"/>
  <system-out/>
  <testcase classname="AniketAutomation.MainTests.Demo" name="test6" time="0.005"/>
  <system-out/>
  <testcase classname="AniketAutomation.MainTests.Demo" name="test4" time="0.005"/>
  <system-out/>
  <testcase classname="AniketAutomation.MainTests.Demo" name="test3" time="0.007"/>
  <system-out/>
  <testcase classname="AniketAutomation.MainTests.Demo" name="test5" time="0.007"/>
  <system-out/>
  <testcase classname="AniketAutomation.MainTests.Demo" name="test1" time="0.006"/>
  <system-out/>
</testsuite> <!-- AniketAutomation.MainTests.Demo -->
