<?xml version="1.0" encoding="UTF-8"?>
<!-- Generated by org.testng.reporters.JUnitReportReporter -->
<testsuite hostname="DESKTOP-LQAB47E" failures="0" tests="3" name="Cucumber.TestNGRunner" time="35.387" errors="0" timestamp="2023-02-15T23:57:20 IST" skipped="0">
  <testcase classname="Cucumber.TestNGRunner" name="runScenario" time="10.501"/>
  <system-out/>
  <testcase classname="Cucumber.TestNGRunner" name="runScenario" time="12.955"/>
  <system-out/>
  <testcase classname="Cucumber.TestNGRunner" name="runScenario" time="11.931"/>
  <system-out/>
</testsuite> <!-- Cucumber.TestNGRunner -->
