<?xml version="1.0" encoding="UTF-8"?>
<!-- Generated by org.testng.reporters.JUnitReportReporter -->
<testsuite hostname="DESKTOP-LQAB47E" failures="0" tests="2" name="AniketAutomation.MainTests.ErrorValidations" time="13.901" errors="0" timestamp="2023-02-16T00:14:23 IST" skipped="0">
  <testcase classname="AniketAutomation.MainTests.ErrorValidations" name="ErrorValidationLoginPage" time="4.597"/>
  <system-out/>
  <testcase classname="AniketAutomation.MainTests.ErrorValidations" name="ProductErrorValidation" time="9.304"/>
  <system-out/>
</testsuite> <!-- AniketAutomation.MainTests.ErrorValidations -->
