<?xml version="1.0" encoding="UTF-8"?>
<!-- Generated by org.testng.reporters.JUnitReportReporter -->
<testsuite hostname="DESKTOP-LQAB47E" failures="0" tests="2" name="Cucumber.TestNGRunner" time="33.874" errors="0" timestamp="2023-02-16T00:48:41 IST" skipped="0">
  <testcase classname="Cucumber.TestNGRunner" name="runScenario" time="12.852"/>
  <system-out/>
  <testcase classname="Cucumber.TestNGRunner" name="runScenario" time="21.022"/>
  <system-out/>
</testsuite> <!-- Cucumber.TestNGRunner -->
