<?xml version="1.0" encoding="UTF-8"?>
<!-- Generated by org.testng.reporters.JUnitReportReporter -->
<testsuite hostname="DESKTOP-LQAB47E" failures="0" tests="3" name="AniketAutomation.MainTests.SubmitOrderTest" time="32.662" errors="0" timestamp="2023-02-16T00:14:23 IST" skipped="0">
  <testcase classname="AniketAutomation.MainTests.SubmitOrderTest" name="orderHistoryTest" time="7.740"/>
  <system-out/>
  <testcase classname="AniketAutomation.MainTests.SubmitOrderTest" name="SubmitOrder" time="13.909"/>
  <system-out/>
  <testcase classname="AniketAutomation.MainTests.SubmitOrderTest" name="SubmitOrder" time="11.013"/>
  <system-out/>
</testsuite> <!-- AniketAutomation.MainTests.SubmitOrderTest -->
